2018-05-21 11:05:54,906 - Log4JLogChute initialized using file 'velocity.log'
2018-05-21 11:05:54,906 - Starting Apache Velocity v1.5 (compiled: 2007-02-22 08:52:29)
2018-05-21 11:05:54,906 - Default Properties File: org\apache\velocity\runtime\defaults\velocity.properties
2018-05-21 11:05:54,906 - Trying to use logger class org.apache.velocity.runtime.log.AvalonLogChute
2018-05-21 11:05:54,907 - Couldn't find class org.apache.velocity.runtime.log.AvalonLogChute or necessary supporting classes in classpath.
java.lang.NoClassDefFoundError: org/apache/log/format/Formatter
	at java.lang.Class.forName0(Native Method)
	at java.lang.Class.forName(Class.java:348)
	at org.apache.velocity.util.ClassUtils.getClass(ClassUtils.java:63)
	at org.apache.velocity.util.ClassUtils.getNewInstance(ClassUtils.java:95)
	at org.apache.velocity.runtime.log.LogManager.createLogChute(LogManager.java:147)
	at org.apache.velocity.runtime.log.LogManager.updateLog(LogManager.java:208)
	at org.apache.velocity.runtime.RuntimeInstance.initializeLog(RuntimeInstance.java:728)
	at org.apache.velocity.runtime.RuntimeInstance.init(RuntimeInstance.java:240)
	at org.apache.velocity.runtime.RuntimeInstance.init(RuntimeInstance.java:534)
	at org.apache.velocity.runtime.RuntimeSingleton.init(RuntimeSingleton.java:227)
	at org.apache.velocity.app.Velocity.init(Velocity.java:111)
	at com.kony.tool.templateprovider.VelocityTemplateProvider.<clinit>(VelocityTemplateProvider.java:53)
	at com.pat.tool.keditor.KEditorPlugin.init(KEditorPlugin.java:1147)
	at com.pat.tool.keditor.KEditorPlugin.start(KEditorPlugin.java:645)
	at org.eclipse.osgi.framework.internal.core.BundleContextImpl$1.run(BundleContextImpl.java:711)
	at java.security.AccessController.doPrivileged(Native Method)
	at org.eclipse.osgi.framework.internal.core.BundleContextImpl.startActivator(BundleContextImpl.java:702)
	at org.eclipse.osgi.framework.internal.core.BundleContextImpl.start(BundleContextImpl.java:683)
	at org.eclipse.osgi.framework.internal.core.BundleHost.startWorker(BundleHost.java:381)
	at org.eclipse.osgi.framework.internal.core.AbstractBundle.start(AbstractBundle.java:300)
	at org.eclipse.osgi.framework.util.SecureAction.start(SecureAction.java:478)
	at org.eclipse.osgi.internal.loader.BundleLoader.setLazyTrigger(BundleLoader.java:263)
	at org.eclipse.core.runtime.internal.adaptor.EclipseLazyStarter.postFindLocalClass(EclipseLazyStarter.java:109)
	at org.eclipse.osgi.baseadaptor.loader.ClasspathManager.findLocalClass(ClasspathManager.java:469)
	at org.eclipse.osgi.internal.baseadaptor.DefaultClassLoader.findLocalClass(DefaultClassLoader.java:216)
	at org.eclipse.osgi.internal.loader.BundleLoader.findLocalClass(BundleLoader.java:395)
	at org.eclipse.osgi.internal.loader.BundleLoader.findClassInternal(BundleLoader.java:464)
	at org.eclipse.osgi.internal.loader.BundleLoader.findClass(BundleLoader.java:421)
	at org.eclipse.osgi.internal.loader.BundleLoader.findClass(BundleLoader.java:412)
	at org.eclipse.osgi.internal.baseadaptor.DefaultClassLoader.loadClass(DefaultClassLoader.java:107)
	at java.lang.ClassLoader.loadClass(ClassLoader.java:357)
	at org.eclipse.osgi.internal.loader.BundleLoader.loadClass(BundleLoader.java:340)
	at org.eclipse.osgi.framework.internal.core.BundleHost.loadClass(BundleHost.java:229)
	at org.eclipse.osgi.framework.internal.core.AbstractBundle.loadClass(AbstractBundle.java:1212)
	at org.eclipse.core.internal.registry.osgi.RegistryStrategyOSGI.createExecutableExtension(RegistryStrategyOSGI.java:174)
	at org.eclipse.core.internal.registry.ExtensionRegistry.createExecutableExtension(ExtensionRegistry.java:905)
	at org.eclipse.core.internal.registry.ConfigurationElement.createExecutableExtension(ConfigurationElement.java:243)
	at org.eclipse.core.internal.registry.ConfigurationElementHandle.createExecutableExtension(ConfigurationElementHandle.java:55)
	at org.eclipse.equinox.internal.app.EclipseAppHandle.run(EclipseAppHandle.java:191)
	at org.eclipse.core.runtime.internal.adaptor.EclipseAppLauncher.runApplication(EclipseAppLauncher.java:110)
	at org.eclipse.core.runtime.internal.adaptor.EclipseAppLauncher.start(EclipseAppLauncher.java:79)
	at org.eclipse.core.runtime.adaptor.EclipseStarter.run(EclipseStarter.java:354)
	at org.eclipse.core.runtime.adaptor.EclipseStarter.run(EclipseStarter.java:181)
	at sun.reflect.NativeMethodAccessorImpl.invoke0(Native Method)
	at sun.reflect.NativeMethodAccessorImpl.invoke(NativeMethodAccessorImpl.java:62)
	at sun.reflect.DelegatingMethodAccessorImpl.invoke(DelegatingMethodAccessorImpl.java:43)
	at java.lang.reflect.Method.invoke(Method.java:498)
	at org.eclipse.equinox.launcher.Main.invokeFramework(Main.java:636)
	at org.eclipse.equinox.launcher.Main.basicRun(Main.java:591)
	at org.eclipse.equinox.launcher.Main.run(Main.java:1450)
	at org.eclipse.equinox.launcher.Main.main(Main.java:1426)
	at org.eclipse.core.launcher.Main.main(Main.java:34)
Caused by: java.lang.ClassNotFoundException: org.apache.log.format.Formatter cannot be found by com.kony.thirdparty.jars_8.1.0.v201712111801
	at org.eclipse.osgi.internal.loader.BundleLoader.findClassInternal(BundleLoader.java:501)
	at org.eclipse.osgi.internal.loader.BundleLoader.findClass(BundleLoader.java:421)
	at org.eclipse.osgi.internal.loader.BundleLoader.findClass(BundleLoader.java:412)
	at org.eclipse.osgi.internal.baseadaptor.DefaultClassLoader.loadClass(DefaultClassLoader.java:107)
	at java.lang.ClassLoader.loadClass(ClassLoader.java:357)
	... 52 more
2018-05-21 11:05:54,912 - Trying to use logger class org.apache.velocity.runtime.log.Log4JLogChute
2018-05-21 11:05:54,912 - Using logger class org.apache.velocity.runtime.log.Log4JLogChute
2018-05-21 11:05:54,913 - Default ResourceManager initializing. (class org.apache.velocity.runtime.resource.ResourceManagerImpl)
2018-05-21 11:05:54,914 - ResourceLoader instantiated: org.apache.velocity.runtime.resource.loader.ClasspathResourceLoader
2018-05-21 11:05:54,920 - ResourceCache: initialized (class org.apache.velocity.runtime.resource.ResourceCacheImpl)
2018-05-21 11:05:54,921 - Loaded System Directive: org.apache.velocity.runtime.directive.Literal
2018-05-21 11:05:54,922 - Loaded System Directive: org.apache.velocity.runtime.directive.Macro
2018-05-21 11:05:54,922 - Loaded System Directive: org.apache.velocity.runtime.directive.Parse
2018-05-21 11:05:54,923 - Loaded System Directive: org.apache.velocity.runtime.directive.Include
2018-05-21 11:05:54,923 - Loaded System Directive: org.apache.velocity.runtime.directive.Foreach
2018-05-21 11:05:54,937 - Created '20' parsers.
2018-05-21 11:05:54,940 - Velocimacro : "velocimacro.library" is not set.  Trying default library: VM_global_library.vm
2018-05-21 11:05:54,983 - Velocimacro : Default library not found.
2018-05-21 11:05:54,983 - Velocimacro : allowInline = true : VMs can be defined inline in templates
2018-05-21 11:05:54,983 - Velocimacro : allowInlineToOverride = false : VMs defined inline may NOT replace previous VM definitions
2018-05-21 11:05:54,983 - Velocimacro : allowInlineLocal = false : VMs defined inline will be global in scope if allowed.
2018-05-21 11:05:54,983 - Velocimacro : autoload off : VM system will not automatically reload global library macros
2018-05-21 11:06:06,571 - Null reference [template 'templateParam', line 106, column 14] : $skip_porting cannot be resolved.
2018-05-21 11:06:06,642 - Null reference [template 'templateParam', line 106, column 14] : $skip_porting cannot be resolved.
2018-05-21 11:06:07,085 - Null reference [template 'templateParam', line 106, column 14] : $skip_porting cannot be resolved.
2018-05-21 11:06:07,131 - Null reference [template 'templateParam', line 106, column 14] : $skip_porting cannot be resolved.
2018-05-21 11:06:28,020 - ResourceManager : found tpjsmiddlewareerror.vm with loader org.apache.velocity.runtime.resource.loader.ClasspathResourceLoader
2018-05-21 11:06:28,021 - ResourceManager : found tpjssessionerror.vm with loader org.apache.velocity.runtime.resource.loader.ClasspathResourceLoader
2018-05-21 11:06:28,021 - ResourceManager : found tpjsapperror.vm with loader org.apache.velocity.runtime.resource.loader.ClasspathResourceLoader
2018-05-21 11:06:28,031 - ResourceManager : found tpjsmiddlewareinvoker.vm with loader org.apache.velocity.runtime.resource.loader.ClasspathResourceLoader
2018-05-21 11:06:28,032 - Left side ($palmpre) of '==' operation has null value. If a reference, it may not be in the context. Operation not possible. tpjsmiddlewareinvoker.vm [line 93, column 20]
2018-05-21 11:06:28,032 - Left side ($palmpre) of '==' operation has null value. If a reference, it may not be in the context. Operation not possible. tpjsmiddlewareinvoker.vm [line 172, column 20]
2018-05-21 11:06:28,032 - Left side ($palmpre) of '==' operation has null value. If a reference, it may not be in the context. Operation not possible. tpjsmiddlewareinvoker.vm [line 255, column 20]
2018-05-21 11:06:28,032 - Left side ($palmpre) of '==' operation has null value. If a reference, it may not be in the context. Operation not possible. tpjsmiddlewareinvoker.vm [line 326, column 20]
2018-05-21 11:06:28,032 - Left side ($palmpre) of '==' operation has null value. If a reference, it may not be in the context. Operation not possible. tpjsmiddlewareinvoker.vm [line 395, column 20]
2018-05-21 11:06:28,033 - ResourceManager : found tpjscallfunc.vm with loader org.apache.velocity.runtime.resource.loader.ClasspathResourceLoader
2018-05-21 11:06:28,053 - ResourceManager : found tpjsstartup.vm with loader org.apache.velocity.runtime.resource.loader.ClasspathResourceLoader
2018-05-21 11:06:28,062 - ResourceManager : found tpjshybridstartupforspa.vm with loader org.apache.velocity.runtime.resource.loader.ClasspathResourceLoader
2018-05-21 11:06:28,074 - ResourceManager : found tpjswinmobilesequencecontainerglobals.vm with loader org.apache.velocity.runtime.resource.loader.ClasspathResourceLoader
2018-05-21 11:06:28,075 - ResourceManager : found tpjswinmobilesequence.vm with loader org.apache.velocity.runtime.resource.loader.ClasspathResourceLoader
2018-05-21 11:06:28,085 - ResourceManager : found tpjsappconfigfortc.vm with loader org.apache.velocity.runtime.resource.loader.ClasspathResourceLoader
2018-05-21 11:06:28,092 - ResourceManager : found customizederrorjsptemplate.vm with loader org.apache.velocity.runtime.resource.loader.ClasspathResourceLoader
2018-05-21 11:06:28,094 - ResourceManager : found tpspabasetemplateforjs.vm with loader org.apache.velocity.runtime.resource.loader.ClasspathResourceLoader
2018-05-21 11:06:28,099 - ResourceManager : found tpjsformglobalsforbb10.vm with loader org.apache.velocity.runtime.resource.loader.ClasspathResourceLoader
